在 C:\Program Files\Git\cmd\git.exe 查找 Git 中
使用 C:\Program Files\Git\cmd\git.exe 中的 Git 2.16.2.windows.1
git rev-parse --show-toplevel
fatal: Not a git repository (or any of the parent directories): .git

git rev-parse --show-toplevel
fatal: Not a git repository (or any of the parent directories): .git

git rev-parse --show-toplevel
git config --get commit.template
git status -z -u
git rev-parse --show-toplevel
fatal: Not a git repository (or any of the parent directories): .git

git rev-parse --show-toplevel
git rev-parse --show-toplevel
git rev-parse --show-toplevel
git symbolic-ref --short HEAD
fatal: Not a git repository (or any of the parent directories): .git

git rev-parse --show-toplevel
git rev-parse eqcm
fatal: Not a git repository (or any of the parent directories): .git

git rev-parse --show-toplevel
git rev-parse --show-toplevel
git rev-parse --show-toplevel
git rev-parse --symbolic-full-name --abbrev-ref eqcm@{u}
fatal: Not a git repository (or any of the parent directories): .git

git rev-parse --show-toplevel
git rev-parse --show-toplevel
git rev-list --left-right eqcm...ce/eqcm
fatal: Not a git repository (or any of the parent directories): .git

git rev-parse --show-toplevel
git for-each-ref --format %(refname) %(objectname) --sort -committerdate
git remote --verbose
fatal: Not a git repository (or any of the parent directories): .git

git rev-parse --show-toplevel
git check-ignore -z --stdin
fatal: Not a git repository (or any of the parent directories): .git

git rev-parse --show-toplevel
git rev-parse --show-toplevel
git rev-parse --show-toplevel
git rev-parse --show-toplevel
git rev-parse --show-toplevel
git rev-parse --show-toplevel
