[2018-05-18 16:06:24.032] [exthost1] [info] extension host started
[2018-05-18 16:06:24.240] [exthost1] [info] extension host started
[2018-05-18 16:06:24.263] [exthost1] [info] ExtensionService#_doActivateExtension vscode.emmet {"startup":true,"activationEvent":"*"}
[2018-05-18 16:06:24.263] [exthost1] [info] ExtensionService#loadCommonJSModule c:\Users\danieline\.codemix\engine\resources\app\extensions\emmet\out\extension
[2018-05-18 16:06:24.332] [exthost1] [info] ExtensionService#_doActivateExtension vscode.git {"startup":true,"activationEvent":"*"}
[2018-05-18 16:06:24.332] [exthost1] [info] ExtensionService#loadCommonJSModule c:\Users\danieline\.codemix\engine\resources\app\extensions\git\out\main
[2018-05-18 16:06:24.413] [exthost1] [info] ExtensionService#_doActivateExtension vscode.merge-conflict {"startup":true,"activationEvent":"*"}
[2018-05-18 16:06:24.413] [exthost1] [info] ExtensionService#loadCommonJSModule c:\Users\danieline\.codemix\engine\resources\app\extensions\merge-conflict\out\extension
[2018-05-18 16:06:24.427] [exthost1] [info] eager extensions activated
[2018-05-18 16:06:24.427] [exthost1] [info] ExtensionService#_doActivateExtension vscode.configuration-editing {"startup":false,"activationEvent":"onLanguage:jsonc"}
[2018-05-18 16:06:24.427] [exthost1] [info] ExtensionService#loadCommonJSModule c:\Users\danieline\.codemix\engine\resources\app\extensions\configuration-editing\out\extension
[2018-05-18 16:06:24.438] [exthost1] [info] ExtensionService#_doActivateExtension vscode.json {"startup":false,"activationEvent":"onLanguage:jsonc"}
[2018-05-18 16:06:24.438] [exthost1] [info] ExtensionService#loadCommonJSModule c:\Users\danieline\.codemix\engine\resources\app\extensions\json\client\out\jsonMain
[2018-05-18 16:06:58.500] [exthost1] [info] extension host started
[2018-05-18 16:06:58.534] [exthost1] [info] ExtensionService#_doActivateExtension vscode.emmet {"startup":true,"activationEvent":"*"}
[2018-05-18 16:06:58.534] [exthost1] [info] ExtensionService#loadCommonJSModule c:\Users\danieline\.codemix\engine\resources\app\extensions\emmet\out\extension
[2018-05-18 16:06:58.654] [exthost1] [info] ExtensionService#_doActivateExtension vscode.git {"startup":true,"activationEvent":"*"}
[2018-05-18 16:06:58.654] [exthost1] [info] ExtensionService#loadCommonJSModule c:\Users\danieline\.codemix\engine\resources\app\extensions\git\out\main
[2018-05-18 16:06:58.796] [exthost1] [info] ExtensionService#_doActivateExtension vscode.merge-conflict {"startup":true,"activationEvent":"*"}
[2018-05-18 16:06:58.796] [exthost1] [info] ExtensionService#loadCommonJSModule c:\Users\danieline\.codemix\engine\resources\app\extensions\merge-conflict\out\extension
[2018-05-18 16:06:58.822] [exthost1] [info] ExtensionService#_doActivateExtension christian-kohler.path-intellisense {"startup":true,"activationEvent":"*"}
[2018-05-18 16:06:58.822] [exthost1] [info] ExtensionService#loadCommonJSModule C:\Users\danieline\.vscode\extensions\christian-kohler.path-intellisense-1.4.2\out\src\extension
[2018-05-18 16:06:58.846] [exthost1] [info] eager extensions activated
[2018-05-18 16:06:58.850] [exthost1] [info] ExtensionService#_doActivateExtension vscode.configuration-editing {"startup":false,"activationEvent":"onLanguage:jsonc"}
[2018-05-18 16:06:58.850] [exthost1] [info] ExtensionService#loadCommonJSModule c:\Users\danieline\.codemix\engine\resources\app\extensions\configuration-editing\out\extension
[2018-05-18 16:06:58.869] [exthost1] [info] ExtensionService#_doActivateExtension vscode.json {"startup":false,"activationEvent":"onLanguage:jsonc"}
[2018-05-18 16:06:58.869] [exthost1] [info] ExtensionService#loadCommonJSModule c:\Users\danieline\.codemix\engine\resources\app\extensions\json\client\out\jsonMain
[2018-05-18 16:06:59.038] [exthost1] [info] ExtensionService#_doActivateExtension vscode.javascript {"startup":false,"activationEvent":"onLanguage:javascript"}
[2018-05-18 16:06:59.038] [exthost1] [info] ExtensionService#loadCommonJSModule c:\Users\danieline\.codemix\engine\resources\app\extensions\javascript\out\javascriptMain
[2018-05-18 16:06:59.143] [exthost1] [info] ExtensionService#_doActivateExtension vscode.typescript {"startup":false,"activationEvent":"onLanguage:javascript"}
[2018-05-18 16:06:59.143] [exthost1] [info] ExtensionService#loadCommonJSModule c:\Users\danieline\.codemix\engine\resources\app\extensions\typescript\out\extension
[2018-05-18 16:06:59.364] [exthost1] [info] ExtensionService#_doActivateExtension vscode.html {"startup":false,"activationEvent":"onLanguage:html"}
[2018-05-18 16:06:59.364] [exthost1] [info] ExtensionService#loadCommonJSModule c:\Users\danieline\.codemix\engine\resources\app\extensions\html\client\out\htmlMain
[2018-05-18 16:07:00.464] [exthost1] [info] ExtensionService#_doActivateExtension vscode.css {"startup":false,"activationEvent":"onLanguage:css"}
[2018-05-18 16:07:00.464] [exthost1] [info] ExtensionService#loadCommonJSModule c:\Users\danieline\.codemix\engine\resources\app\extensions\css\client\out\cssMain
[2018-05-18 16:08:06.895] [exthost1] [info] extension host started
[2018-05-18 16:08:06.920] [exthost1] [info] ExtensionService#_doActivateExtension vscode.emmet {"startup":true,"activationEvent":"*"}
[2018-05-18 16:08:06.920] [exthost1] [info] ExtensionService#loadCommonJSModule c:\Users\danieline\.codemix\engine\resources\app\extensions\emmet\out\extension
[2018-05-18 16:08:06.983] [exthost1] [info] ExtensionService#_doActivateExtension vscode.git {"startup":true,"activationEvent":"*"}
[2018-05-18 16:08:06.983] [exthost1] [info] ExtensionService#loadCommonJSModule c:\Users\danieline\.codemix\engine\resources\app\extensions\git\out\main
[2018-05-18 16:08:07.053] [exthost1] [info] ExtensionService#_doActivateExtension vscode.merge-conflict {"startup":true,"activationEvent":"*"}
[2018-05-18 16:08:07.053] [exthost1] [info] ExtensionService#loadCommonJSModule c:\Users\danieline\.codemix\engine\resources\app\extensions\merge-conflict\out\extension
[2018-05-18 16:08:07.066] [exthost1] [info] ExtensionService#_doActivateExtension HookyQR.beautify {"startup":true,"activationEvent":"*"}
[2018-05-18 16:08:07.066] [exthost1] [info] ExtensionService#loadCommonJSModule C:\Users\danieline\.vscode\extensions\HookyQR.beautify-1.3.0\extension
[2018-05-18 16:08:07.109] [exthost1] [info] ExtensionService#_doActivateExtension Zignd.html-css-class-completion {"startup":true,"activationEvent":"*"}
[2018-05-18 16:08:07.109] [exthost1] [info] ExtensionService#loadCommonJSModule C:\Users\danieline\.vscode\extensions\Zignd.html-css-class-completion-1.17.1\out\src\extension
[2018-05-18 16:08:07.819] [exthost1] [info] ExtensionService#_doActivateExtension christian-kohler.path-intellisense {"startup":true,"activationEvent":"*"}
[2018-05-18 16:08:07.819] [exthost1] [info] ExtensionService#loadCommonJSModule C:\Users\danieline\.vscode\extensions\christian-kohler.path-intellisense-1.4.2\out\src\extension
[2018-05-18 16:08:07.831] [exthost1] [info] ExtensionService#_doActivateExtension dbaeumer.vscode-eslint {"startup":true,"activationEvent":"*"}
[2018-05-18 16:08:07.831] [exthost1] [info] ExtensionService#loadCommonJSModule C:\Users\danieline\.vscode\extensions\dbaeumer.vscode-eslint-1.4.8\client\out\extension
[2018-05-18 16:08:07.885] [exthost1] [info] ExtensionService#_doActivateExtension formulahendry.auto-close-tag {"startup":true,"activationEvent":"*"}
[2018-05-18 16:08:07.885] [exthost1] [info] ExtensionService#loadCommonJSModule C:\Users\danieline\.vscode\extensions\formulahendry.auto-close-tag-0.5.6\out\src\extension
[2018-05-18 16:08:07.888] [exthost1] [info] ExtensionService#_doActivateExtension vscode.configuration-editing {"startup":false,"activationEvent":"onLanguage:jsonc"}
[2018-05-18 16:08:07.888] [exthost1] [info] ExtensionService#loadCommonJSModule c:\Users\danieline\.codemix\engine\resources\app\extensions\configuration-editing\out\extension
[2018-05-18 16:08:07.898] [exthost1] [info] ExtensionService#_doActivateExtension vscode.json {"startup":false,"activationEvent":"onLanguage:jsonc"}
[2018-05-18 16:08:07.898] [exthost1] [info] ExtensionService#loadCommonJSModule c:\Users\danieline\.codemix\engine\resources\app\extensions\json\client\out\jsonMain
[2018-05-18 16:08:08.500] [exthost1] [info] ExtensionService#_doActivateExtension felixfbecker.php-intellisense {"startup":true,"activationEvent":"workspaceContains:**/*.php"}
[2018-05-18 16:08:08.500] [exthost1] [info] ExtensionService#loadCommonJSModule C:\Users\danieline\.vscode\extensions\felixfbecker.php-intellisense-2.3.1\out\extension
[2018-05-18 16:08:08.588] [exthost1] [info] eager extensions activated
[2018-05-18 16:08:09.619] [exthost1] [info] ExtensionService#_doActivateExtension vscode.html {"startup":false,"activationEvent":"onLanguage:html"}
[2018-05-18 16:08:09.619] [exthost1] [info] ExtensionService#loadCommonJSModule c:\Users\danieline\.codemix\engine\resources\app\extensions\html\client\out\htmlMain
[2018-05-18 16:08:10.285] [exthost1] [info] ExtensionService#_doActivateExtension vscode.css {"startup":false,"activationEvent":"onLanguage:css"}
[2018-05-18 16:08:10.285] [exthost1] [info] ExtensionService#loadCommonJSModule c:\Users\danieline\.codemix\engine\resources\app\extensions\css\client\out\cssMain
[2018-05-18 16:08:10.901] [exthost1] [info] ExtensionService#_doActivateExtension vscode.javascript {"startup":false,"activationEvent":"onLanguage:javascript"}
[2018-05-18 16:08:10.901] [exthost1] [info] ExtensionService#loadCommonJSModule c:\Users\danieline\.codemix\engine\resources\app\extensions\javascript\out\javascriptMain
[2018-05-18 16:08:10.947] [exthost1] [info] ExtensionService#_doActivateExtension vscode.typescript {"startup":false,"activationEvent":"onLanguage:javascript"}
[2018-05-18 16:08:10.947] [exthost1] [info] ExtensionService#loadCommonJSModule c:\Users\danieline\.codemix\engine\resources\app\extensions\typescript\out\extension
[2018-05-18 16:09:30.064] [exthost1] [info] ExtensionService#_doActivateExtension vscode.python {"startup":false,"activationEvent":"onLanguage:python"}
[2018-05-18 16:09:30.064] [exthost1] [info] ExtensionService#loadCommonJSModule c:\Users\danieline\.codemix\engine\resources\app\extensions\python\out\pythonMain
[2018-05-18 16:09:30.070] [exthost1] [info] ExtensionService#_doActivateExtension ms-python.python {"startup":false,"activationEvent":"onLanguage:python"}
[2018-05-18 16:09:30.070] [exthost1] [info] ExtensionService#loadCommonJSModule C:\Users\danieline\.vscode\extensions\ms-python.python-2018.4.0\out\client\extension
