[2018-05-18 16:06:21.902] [sharedprocess] [info] main {"machineId":"d56de9811bb29388bc0ad9891212d32cab837c3df5b1ce3d96320091d5f493e8"}
[2018-05-18 16:06:21.909] [sharedprocess] [info] Scanned user extensions: 0
[2018-05-18 16:06:21.947] [sharedprocess] [info] Scanned system extensions: 66
[2018-05-18 16:06:23.460] [sharedprocess] [info] Scanned user extensions: 0
[2018-05-18 16:06:23.464] [sharedprocess] [info] Scanned user extensions: 0
[2018-05-18 16:06:23.497] [sharedprocess] [info] Scanned system extensions: 66
[2018-05-18 16:06:26.607] [sharedprocess] [info] Scanned user extensions: 0
[2018-05-18 16:06:27.113] [sharedprocess] [info] Scanned user extensions: 0
[2018-05-18 16:06:27.139] [sharedprocess] [info] Scanned system extensions: 66
[2018-05-18 16:06:27.804] [sharedprocess] [info] Scanned user extensions: 0
[2018-05-18 16:06:27.804] [sharedprocess] [info] Installing the extension: codemix.python-0.9.0
[2018-05-18 16:06:27.811] [sharedprocess] [info] Extracted extension to C:\Users\danieline\.vscode\extensions\codemix.python-0.9.0: codemix.python-0.9.0
[2018-05-18 16:06:27.812] [sharedprocess] [info] Updated metadata of the extension: codemix.python-0.9.0
[2018-05-18 16:06:27.812] [sharedprocess] [info] Successfully installed the extension: codemix.python-0.9.0
[2018-05-18 16:06:27.825] [sharedprocess] [info] Scanned user extensions: 1
[2018-05-18 16:06:27.843] [sharedprocess] [info] Scanned system extensions: 66
[2018-05-18 16:06:27.922] [sharedprocess] [info] Scanned user extensions: 1
[2018-05-18 16:06:27.946] [sharedprocess] [info] Scanned system extensions: 66
[2018-05-18 16:06:29.608] [sharedprocess] [info] Scanned user extensions: 1
[2018-05-18 16:06:29.608] [sharedprocess] [info] Installing the extension: christian-kohler.path-intellisense-1.4.2
[2018-05-18 16:06:29.674] [sharedprocess] [info] Extracted extension to C:\Users\danieline\.vscode\extensions\christian-kohler.path-intellisense-1.4.2: christian-kohler.path-intellisense-1.4.2
[2018-05-18 16:06:29.675] [sharedprocess] [info] Updated metadata of the extension: christian-kohler.path-intellisense-1.4.2
[2018-05-18 16:06:29.675] [sharedprocess] [info] Successfully installed the extension: christian-kohler.path-intellisense-1.4.2
[2018-05-18 16:06:29.686] [sharedprocess] [info] Scanned user extensions: 2
[2018-05-18 16:06:29.705] [sharedprocess] [info] Scanned system extensions: 66
[2018-05-18 16:06:29.783] [sharedprocess] [info] Scanned user extensions: 2
[2018-05-18 16:06:29.805] [sharedprocess] [info] Scanned system extensions: 66
[2018-05-18 16:06:50.670] [sharedprocess] [info] Scanned user extensions: 2
[2018-05-18 16:06:50.670] [sharedprocess] [info] Installing the extension: ms-python.python-2018.4.0
[2018-05-18 16:06:55.957] [sharedprocess] [info] Extracted extension to C:\Users\danieline\.vscode\extensions\ms-python.python-2018.4.0: ms-python.python-2018.4.0
[2018-05-18 16:06:55.962] [sharedprocess] [info] Updated metadata of the extension: ms-python.python-2018.4.0
[2018-05-18 16:06:55.964] [sharedprocess] [info] Successfully installed the extension: ms-python.python-2018.4.0
[2018-05-18 16:06:55.980] [sharedprocess] [info] Scanned user extensions: 3
[2018-05-18 16:06:55.998] [sharedprocess] [info] Scanned system extensions: 66
[2018-05-18 16:06:56.058] [sharedprocess] [info] Scanned user extensions: 3
[2018-05-18 16:06:56.058] [sharedprocess] [info] Installing the extension: formulahendry.code-runner-0.9.3
[2018-05-18 16:06:56.077] [sharedprocess] [info] Scanned user extensions: 3
[2018-05-18 16:06:56.095] [sharedprocess] [info] Scanned system extensions: 66
[2018-05-18 16:06:56.203] [sharedprocess] [info] Extracted extension to C:\Users\danieline\.vscode\extensions\formulahendry.code-runner-0.9.3: formulahendry.code-runner-0.9.3
[2018-05-18 16:06:56.204] [sharedprocess] [info] Updated metadata of the extension: formulahendry.code-runner-0.9.3
[2018-05-18 16:06:56.204] [sharedprocess] [info] Successfully installed the extension: formulahendry.code-runner-0.9.3
[2018-05-18 16:06:56.212] [sharedprocess] [info] Scanned user extensions: 4
[2018-05-18 16:06:56.224] [sharedprocess] [info] Scanned system extensions: 66
[2018-05-18 16:06:56.313] [sharedprocess] [info] Scanned user extensions: 4
[2018-05-18 16:06:56.329] [sharedprocess] [info] Scanned system extensions: 66
[2018-05-18 16:06:57.363] [sharedprocess] [info] Scanned user extensions: 4
[2018-05-18 16:06:57.365] [sharedprocess] [info] Scanned user extensions: 4
[2018-05-18 16:06:57.384] [sharedprocess] [info] Scanned system extensions: 66
[2018-05-18 16:06:57.989] [sharedprocess] [info] Scanned user extensions: 4
[2018-05-18 16:06:57.989] [sharedprocess] [info] Installing the extension: codemix.web-0.9.0
[2018-05-18 16:06:58.002] [sharedprocess] [info] Extracted extension to C:\Users\danieline\.vscode\extensions\codemix.web-0.9.0: codemix.web-0.9.0
[2018-05-18 16:06:58.003] [sharedprocess] [info] Updated metadata of the extension: codemix.web-0.9.0
[2018-05-18 16:06:58.003] [sharedprocess] [info] Successfully installed the extension: codemix.web-0.9.0
[2018-05-18 16:06:58.069] [sharedprocess] [info] Scanned user extensions: 5
[2018-05-18 16:06:58.092] [sharedprocess] [info] Scanned system extensions: 66
[2018-05-18 16:06:58.504] [sharedprocess] [info] Scanned user extensions: 5
[2018-05-18 16:06:58.531] [sharedprocess] [info] Scanned system extensions: 66
[2018-05-18 16:07:00.609] [sharedprocess] [info] Scanned user extensions: 5
[2018-05-18 16:07:03.080] [sharedprocess] [info] Scanned user extensions: 5
[2018-05-18 16:07:03.080] [sharedprocess] [info] Installing the extension: codemix.php-0.9.4
[2018-05-18 16:07:03.101] [sharedprocess] [info] Extracted extension to C:\Users\danieline\.vscode\extensions\codemix.php-0.9.4: codemix.php-0.9.4
[2018-05-18 16:07:03.102] [sharedprocess] [info] Updated metadata of the extension: codemix.php-0.9.4
[2018-05-18 16:07:03.102] [sharedprocess] [info] Successfully installed the extension: codemix.php-0.9.4
[2018-05-18 16:07:03.341] [sharedprocess] [info] Scanned user extensions: 6
[2018-05-18 16:07:03.421] [sharedprocess] [info] Scanned system extensions: 66
[2018-05-18 16:07:03.424] [sharedprocess] [info] Scanned system extensions: 66
[2018-05-18 16:07:03.430] [sharedprocess] [info] Scanned user extensions: 6
[2018-05-18 16:07:07.104] [sharedprocess] [info] Scanned user extensions: 6
[2018-05-18 16:07:07.104] [sharedprocess] [info] Installing the extension: HookyQR.beautify-1.3.0
[2018-05-18 16:07:07.373] [sharedprocess] [info] Extracted extension to C:\Users\danieline\.vscode\extensions\HookyQR.beautify-1.3.0: HookyQR.beautify-1.3.0
[2018-05-18 16:07:07.374] [sharedprocess] [info] Updated metadata of the extension: HookyQR.beautify-1.3.0
[2018-05-18 16:07:07.374] [sharedprocess] [info] Successfully installed the extension: HookyQR.beautify-1.3.0
[2018-05-18 16:07:07.383] [sharedprocess] [info] Scanned user extensions: 7
[2018-05-18 16:07:07.396] [sharedprocess] [info] Scanned system extensions: 66
[2018-05-18 16:07:07.492] [sharedprocess] [info] Scanned user extensions: 7
[2018-05-18 16:07:07.520] [sharedprocess] [info] Scanned system extensions: 66
[2018-05-18 16:07:14.326] [sharedprocess] [info] Scanned user extensions: 7
[2018-05-18 16:07:14.326] [sharedprocess] [info] Installing the extension: msjsdiag.debugger-for-chrome-4.4.3
[2018-05-18 16:07:14.679] [sharedprocess] [info] Extracted extension to C:\Users\danieline\.vscode\extensions\msjsdiag.debugger-for-chrome-4.4.3: msjsdiag.debugger-for-chrome-4.4.3
[2018-05-18 16:07:14.680] [sharedprocess] [info] Updated metadata of the extension: msjsdiag.debugger-for-chrome-4.4.3
[2018-05-18 16:07:14.681] [sharedprocess] [info] Successfully installed the extension: msjsdiag.debugger-for-chrome-4.4.3
[2018-05-18 16:07:14.688] [sharedprocess] [info] Scanned user extensions: 8
[2018-05-18 16:07:14.701] [sharedprocess] [info] Scanned system extensions: 66
[2018-05-18 16:07:14.790] [sharedprocess] [info] Scanned user extensions: 8
[2018-05-18 16:07:14.806] [sharedprocess] [info] Scanned system extensions: 66
[2018-05-18 16:07:16.020] [sharedprocess] [info] Scanned user extensions: 8
[2018-05-18 16:07:16.020] [sharedprocess] [info] Installing the extension: dbaeumer.vscode-eslint-1.4.8
[2018-05-18 16:07:16.193] [sharedprocess] [info] Extracted extension to C:\Users\danieline\.vscode\extensions\dbaeumer.vscode-eslint-1.4.8: dbaeumer.vscode-eslint-1.4.8
[2018-05-18 16:07:16.194] [sharedprocess] [info] Updated metadata of the extension: dbaeumer.vscode-eslint-1.4.8
[2018-05-18 16:07:16.194] [sharedprocess] [info] Successfully installed the extension: dbaeumer.vscode-eslint-1.4.8
[2018-05-18 16:07:16.203] [sharedprocess] [info] Scanned user extensions: 9
[2018-05-18 16:07:16.214] [sharedprocess] [info] Scanned system extensions: 66
[2018-05-18 16:07:16.303] [sharedprocess] [info] Scanned user extensions: 9
[2018-05-18 16:07:16.315] [sharedprocess] [info] Scanned system extensions: 66
[2018-05-18 16:07:20.383] [sharedprocess] [info] Scanned user extensions: 9
[2018-05-18 16:07:20.383] [sharedprocess] [info] Installing the extension: formulahendry.auto-close-tag-0.5.6
[2018-05-18 16:07:20.405] [sharedprocess] [info] Extracted extension to C:\Users\danieline\.vscode\extensions\formulahendry.auto-close-tag-0.5.6: formulahendry.auto-close-tag-0.5.6
[2018-05-18 16:07:20.406] [sharedprocess] [info] Updated metadata of the extension: formulahendry.auto-close-tag-0.5.6
[2018-05-18 16:07:20.406] [sharedprocess] [info] Successfully installed the extension: formulahendry.auto-close-tag-0.5.6
[2018-05-18 16:07:20.414] [sharedprocess] [info] Scanned user extensions: 10
[2018-05-18 16:07:20.431] [sharedprocess] [info] Scanned system extensions: 66
[2018-05-18 16:07:20.515] [sharedprocess] [info] Scanned user extensions: 10
[2018-05-18 16:07:20.527] [sharedprocess] [info] Scanned system extensions: 66
[2018-05-18 16:07:46.416] [sharedprocess] [info] Scanned user extensions: 10
[2018-05-18 16:07:46.416] [sharedprocess] [info] Installing the extension: Zignd.html-css-class-completion-1.17.1
[2018-05-18 16:07:50.226] [sharedprocess] [info] Extracted extension to C:\Users\danieline\.vscode\extensions\Zignd.html-css-class-completion-1.17.1: Zignd.html-css-class-completion-1.17.1
[2018-05-18 16:07:50.228] [sharedprocess] [info] Updated metadata of the extension: Zignd.html-css-class-completion-1.17.1
[2018-05-18 16:07:50.229] [sharedprocess] [info] Successfully installed the extension: Zignd.html-css-class-completion-1.17.1
[2018-05-18 16:07:50.251] [sharedprocess] [info] Scanned user extensions: 11
[2018-05-18 16:07:50.265] [sharedprocess] [info] Scanned system extensions: 66
[2018-05-18 16:07:50.380] [sharedprocess] [info] Scanned user extensions: 11
[2018-05-18 16:07:50.395] [sharedprocess] [info] Scanned user extensions: 11
[2018-05-18 16:07:50.395] [sharedprocess] [info] Installing the extension: xabikos.javascriptsnippets-1.6.0
[2018-05-18 16:07:50.400] [sharedprocess] [info] Scanned system extensions: 66
[2018-05-18 16:07:50.411] [sharedprocess] [info] Extracted extension to C:\Users\danieline\.vscode\extensions\xabikos.javascriptsnippets-1.6.0: xabikos.javascriptsnippets-1.6.0
[2018-05-18 16:07:50.412] [sharedprocess] [info] Updated metadata of the extension: xabikos.javascriptsnippets-1.6.0
[2018-05-18 16:07:50.412] [sharedprocess] [info] Successfully installed the extension: xabikos.javascriptsnippets-1.6.0
[2018-05-18 16:07:50.424] [sharedprocess] [info] Scanned user extensions: 12
[2018-05-18 16:07:50.434] [sharedprocess] [info] Scanned system extensions: 66
[2018-05-18 16:07:50.527] [sharedprocess] [info] Scanned user extensions: 12
[2018-05-18 16:07:50.543] [sharedprocess] [info] Scanned system extensions: 66
[2018-05-18 16:07:50.557] [sharedprocess] [info] Scanned user extensions: 12
[2018-05-18 16:07:50.557] [sharedprocess] [info] Installing the extension: felixfbecker.php-debug-1.12.3
[2018-05-18 16:07:51.034] [sharedprocess] [info] Extracted extension to C:\Users\danieline\.vscode\extensions\felixfbecker.php-debug-1.12.3: felixfbecker.php-debug-1.12.3
[2018-05-18 16:07:51.035] [sharedprocess] [info] Updated metadata of the extension: felixfbecker.php-debug-1.12.3
[2018-05-18 16:07:51.035] [sharedprocess] [info] Successfully installed the extension: felixfbecker.php-debug-1.12.3
[2018-05-18 16:07:51.046] [sharedprocess] [info] Scanned user extensions: 13
[2018-05-18 16:07:51.055] [sharedprocess] [info] Scanned system extensions: 66
[2018-05-18 16:07:51.150] [sharedprocess] [info] Scanned user extensions: 13
[2018-05-18 16:07:51.165] [sharedprocess] [info] Scanned system extensions: 66
[2018-05-18 16:08:02.675] [sharedprocess] [info] Scanned user extensions: 13
[2018-05-18 16:08:02.675] [sharedprocess] [info] Installing the extension: felixfbecker.php-intellisense-2.3.1
[2018-05-18 16:08:04.634] [sharedprocess] [info] Extracted extension to C:\Users\danieline\.vscode\extensions\felixfbecker.php-intellisense-2.3.1: felixfbecker.php-intellisense-2.3.1
[2018-05-18 16:08:04.635] [sharedprocess] [info] Updated metadata of the extension: felixfbecker.php-intellisense-2.3.1
[2018-05-18 16:08:04.635] [sharedprocess] [info] Successfully installed the extension: felixfbecker.php-intellisense-2.3.1
[2018-05-18 16:08:04.654] [sharedprocess] [info] Scanned user extensions: 14
[2018-05-18 16:08:04.669] [sharedprocess] [info] Scanned system extensions: 66
[2018-05-18 16:08:04.736] [sharedprocess] [info] Scanned user extensions: 14
[2018-05-18 16:08:04.736] [sharedprocess] [info] Installing the extension: linyang95.php-symbols-2.0.4
[2018-05-18 16:08:04.750] [sharedprocess] [info] Scanned user extensions: 14
[2018-05-18 16:08:04.771] [sharedprocess] [info] Scanned system extensions: 66
[2018-05-18 16:08:04.784] [sharedprocess] [info] Extracted extension to C:\Users\danieline\.vscode\extensions\linyang95.php-symbols-2.0.4: linyang95.php-symbols-2.0.4
[2018-05-18 16:08:04.784] [sharedprocess] [info] Updated metadata of the extension: linyang95.php-symbols-2.0.4
[2018-05-18 16:08:04.785] [sharedprocess] [info] Successfully installed the extension: linyang95.php-symbols-2.0.4
[2018-05-18 16:08:04.800] [sharedprocess] [info] Scanned user extensions: 15
[2018-05-18 16:08:04.812] [sharedprocess] [info] Scanned system extensions: 66
[2018-05-18 16:08:04.904] [sharedprocess] [info] Scanned user extensions: 15
[2018-05-18 16:08:04.916] [sharedprocess] [info] Scanned system extensions: 66
[2018-05-18 16:08:04.930] [sharedprocess] [info] Scanned user extensions: 15
[2018-05-18 16:08:04.930] [sharedprocess] [info] Installing the extension: kokororin.vscode-phpfmt-1.0.23
[2018-05-18 16:08:04.967] [sharedprocess] [info] Extracted extension to C:\Users\danieline\.vscode\extensions\kokororin.vscode-phpfmt-1.0.23: kokororin.vscode-phpfmt-1.0.23
[2018-05-18 16:08:04.967] [sharedprocess] [info] Updated metadata of the extension: kokororin.vscode-phpfmt-1.0.23
[2018-05-18 16:08:04.967] [sharedprocess] [info] Successfully installed the extension: kokororin.vscode-phpfmt-1.0.23
[2018-05-18 16:08:04.978] [sharedprocess] [info] Scanned user extensions: 16
[2018-05-18 16:08:04.988] [sharedprocess] [info] Scanned system extensions: 66
[2018-05-18 16:08:06.389] [sharedprocess] [info] Scanned user extensions: 16
[2018-05-18 16:08:06.390] [sharedprocess] [info] Scanned user extensions: 16
[2018-05-18 16:08:06.406] [sharedprocess] [info] Scanned system extensions: 66
[2018-05-18 16:08:09.863] [sharedprocess] [info] Scanned user extensions: 16
[2018-05-18 16:13:10.143] [sharedprocess] [info] Scanned user extensions: 16
[2018-05-18 16:18:10.161] [sharedprocess] [info] Scanned user extensions: 16
