[Info  - 16:08:12] ESLint server is running.
[Info  - 16:08:12] 
Failed to load the ESLint library for the document g:\XHYT\Merge\deri\src\main\webapp\plug-in\finanstar\js\eqcm\env.js

To use ESLint please install eslint by running 'npm install eslint' in the workspace folder deri
or globally using 'npm install -g eslint'. You need to reopen the workspace after installing eslint.

If you are using yarn instead of npm set the setting `"eslint.packageManager": "yarn"`

Alternatively you can disable ESLint for the workspace folder deri by executing the 'Disable ESLint' command.
[Info  - 16:08:12] 
Failed to load the ESLint library for the document g:\XHYT\Merge\deri\src\main\webapp\plug-in\finanstar\js\eqcm\book.js

To use ESLint please install eslint by running 'npm install eslint' in the workspace folder deri
or globally using 'npm install -g eslint'. You need to reopen the workspace after installing eslint.

If you are using yarn instead of npm set the setting `"eslint.packageManager": "yarn"`

Alternatively you can disable ESLint for the workspace folder deri by executing the 'Disable ESLint' command.
[Info  - 16:08:13] 
Failed to load the ESLint library for the document g:\XHYT\Merge\deri\src\main\webapp\plug-in\finanstar\js\eqcm\priced.js

To use ESLint please install eslint by running 'npm install eslint' in the workspace folder deri
or globally using 'npm install -g eslint'. You need to reopen the workspace after installing eslint.

If you are using yarn instead of npm set the setting `"eslint.packageManager": "yarn"`

Alternatively you can disable ESLint for the workspace folder deri by executing the 'Disable ESLint' command.
[Info  - 16:16:22] 
Failed to load the ESLint library for the document g:\XHYT\Merge\deri\src\main\webapp\webpage\com\finanstar\add-deal.js

To use ESLint please install eslint by running 'npm install eslint' in the workspace folder deri
or globally using 'npm install -g eslint'. You need to reopen the workspace after installing eslint.

If you are using yarn instead of npm set the setting `"eslint.packageManager": "yarn"`

Alternatively you can disable ESLint for the workspace folder deri by executing the 'Disable ESLint' command.
